2021-03-26 14:09:16.607 [background-preinit] INFO  org.hibernate.validator.internal.util.Version:21 - HV000001: Hibernate Validator 6.1.6.Final
2021-03-26 14:09:16.657 [main] INFO  org.jeecg.modules.trustchain.UserInfoTest:55 - Starting UserInfoTest on localhost with PID 41669 (started by rade in /Users/rade/Documents/Java/trustchain/trustchain/trustchain-module-system)
2021-03-26 14:09:16.657 [main] INFO  org.jeecg.modules.trustchain.UserInfoTest:655 - The following profiles are active: dev
2021-03-26 14:09:17.455 [background-preinit] WARN  o.s.h.converter.json.Jackson2ObjectMapperBuilder:127 - For Jackson Kotlin classes support please add "com.fasterxml.jackson.module:jackson-module-kotlin" to the classpath
2021-03-26 14:09:18.923 [main] INFO  o.s.d.r.config.RepositoryConfigurationDelegate:249 - Multiple Spring Data modules found, entering strict repository configuration mode!
2021-03-26 14:09:18.929 [main] INFO  o.s.d.r.config.RepositoryConfigurationDelegate:127 - Bootstrapping Spring Data Redis repositories in DEFAULT mode.
2021-03-26 14:09:19.086 [main] INFO  o.s.d.r.config.RepositoryConfigurationDelegate:187 - Finished Spring Data repository scanning in 138ms. Found 0 Redis repository interfaces.
2021-03-26 14:09:19.844 [main] INFO  o.s.c.s.PostProcessorRegistrationDelegate$BeanPostProcessorChecker:335 - Bean 'spring.redis-org.springframework.boot.autoconfigure.data.redis.RedisProperties' of type [org.springframework.boot.autoconfigure.data.redis.RedisProperties] is not eligible for getting processed by all BeanPostProcessors (for example: not eligible for auto-proxying)
2021-03-26 14:09:19.857 [main] INFO  o.s.c.s.PostProcessorRegistrationDelegate$BeanPostProcessorChecker:335 - Bean 'org.springframework.boot.autoconfigure.data.redis.LettuceConnectionConfiguration' of type [org.springframework.boot.autoconfigure.data.redis.LettuceConnectionConfiguration] is not eligible for getting processed by all BeanPostProcessors (for example: not eligible for auto-proxying)
2021-03-26 14:09:20.102 [main] INFO  o.s.c.s.PostProcessorRegistrationDelegate$BeanPostProcessorChecker:335 - Bean 'lettuceClientResources' of type [io.lettuce.core.resource.DefaultClientResources] is not eligible for getting processed by all BeanPostProcessors (for example: not eligible for auto-proxying)
2021-03-26 14:09:20.270 [main] INFO  o.s.c.s.PostProcessorRegistrationDelegate$BeanPostProcessorChecker:335 - Bean 'redisConnectionFactory' of type [org.springframework.data.redis.connection.lettuce.LettuceConnectionFactory] is not eligible for getting processed by all BeanPostProcessors (for example: not eligible for auto-proxying)
2021-03-26 14:09:20.273 [main] INFO  o.s.c.s.PostProcessorRegistrationDelegate$BeanPostProcessorChecker:335 - Bean 'shiroConfig' of type [org.jeecg.config.shiro.ShiroConfig$$EnhancerBySpringCGLIB$$94e2dc20] is not eligible for getting processed by all BeanPostProcessors (for example: not eligible for auto-proxying)
2021-03-26 14:09:20.384 [main] INFO  o.s.c.s.PostProcessorRegistrationDelegate$BeanPostProcessorChecker:335 - Bean 'shiroRealm' of type [org.jeecg.config.shiro.ShiroRealm] is not eligible for getting processed by all BeanPostProcessors (for example: not eligible for auto-proxying)
2021-03-26 14:09:20.555 [main] INFO  org.jeecg.config.shiro.ShiroConfig:210 - ===============(1)创建缓存管理器RedisCacheManager
2021-03-26 14:09:20.559 [main] INFO  org.jeecg.config.shiro.ShiroConfig:228 - ===============(2)创建RedisManager,连接Redis..
2021-03-26 14:09:20.569 [main] INFO  o.s.c.s.PostProcessorRegistrationDelegate$BeanPostProcessorChecker:335 - Bean 'redisManager' of type [org.crazycake.shiro.RedisManager] is not eligible for getting processed by all BeanPostProcessors (for example: not eligible for auto-proxying)
2021-03-26 14:09:20.593 [main] INFO  o.s.c.s.PostProcessorRegistrationDelegate$BeanPostProcessorChecker:335 - Bean 'securityManager' of type [org.apache.shiro.web.mgt.DefaultWebSecurityManager] is not eligible for getting processed by all BeanPostProcessors (for example: not eligible for auto-proxying)
2021-03-26 14:09:20.674 [main] INFO  o.s.c.s.PostProcessorRegistrationDelegate$BeanPostProcessorChecker:335 - Bean 'authorizationAttributeSourceAdvisor' of type [org.apache.shiro.spring.security.interceptor.AuthorizationAttributeSourceAdvisor] is not eligible for getting processed by all BeanPostProcessors (for example: not eligible for auto-proxying)
2021-03-26 14:09:21.036 [main] INFO  o.s.c.s.PostProcessorRegistrationDelegate$BeanPostProcessorChecker:335 - Bean 'spring.datasource.dynamic-com.baomidou.dynamic.datasource.spring.boot.autoconfigure.DynamicDataSourceProperties' of type [com.baomidou.dynamic.datasource.spring.boot.autoconfigure.DynamicDataSourceProperties] is not eligible for getting processed by all BeanPostProcessors (for example: not eligible for auto-proxying)
2021-03-26 14:09:21.048 [main] INFO  o.s.c.s.PostProcessorRegistrationDelegate$BeanPostProcessorChecker:335 - Bean 'com.baomidou.dynamic.datasource.spring.boot.autoconfigure.DynamicDataSourceAutoConfiguration' of type [com.baomidou.dynamic.datasource.spring.boot.autoconfigure.DynamicDataSourceAutoConfiguration$$EnhancerBySpringCGLIB$$9f3504f8] is not eligible for getting processed by all BeanPostProcessors (for example: not eligible for auto-proxying)
2021-03-26 14:09:21.063 [main] INFO  o.s.c.s.PostProcessorRegistrationDelegate$BeanPostProcessorChecker:335 - Bean 'dsProcessor' of type [com.baomidou.dynamic.datasource.processor.DsHeaderProcessor] is not eligible for getting processed by all BeanPostProcessors (for example: not eligible for auto-proxying)
2021-03-26 14:09:21.096 [main] INFO  o.s.c.s.PostProcessorRegistrationDelegate$BeanPostProcessorChecker:335 - Bean 'redisConfig' of type [org.jeecg.common.modules.redis.config.RedisConfig$$EnhancerBySpringCGLIB$$b244ec50] is not eligible for getting processed by all BeanPostProcessors (for example: not eligible for auto-proxying)
2021-03-26 14:09:21.228 [main] INFO  o.s.c.s.PostProcessorRegistrationDelegate$BeanPostProcessorChecker:335 - Bean 'org.apache.shiro.spring.boot.autoconfigure.ShiroBeanAutoConfiguration' of type [org.apache.shiro.spring.boot.autoconfigure.ShiroBeanAutoConfiguration$$EnhancerBySpringCGLIB$$48bf71d7] is not eligible for getting processed by all BeanPostProcessors (for example: not eligible for auto-proxying)
2021-03-26 14:09:21.240 [main] INFO  o.s.c.s.PostProcessorRegistrationDelegate$BeanPostProcessorChecker:335 - Bean 'eventBus' of type [org.apache.shiro.event.support.DefaultEventBus] is not eligible for getting processed by all BeanPostProcessors (for example: not eligible for auto-proxying)
2021-03-26 14:09:21.960 [main] INFO  o.s.boot.web.embedded.tomcat.TomcatWebServer:108 - Tomcat initialized with port(s): 0 (http)
2021-03-26 14:09:21.976 [main] INFO  org.apache.coyote.http11.Http11NioProtocol:173 - Initializing ProtocolHandler ["http-nio-auto-1"]
2021-03-26 14:09:21.977 [main] INFO  org.apache.catalina.core.StandardService:173 - Starting service [Tomcat]
2021-03-26 14:09:21.978 [main] INFO  org.apache.catalina.core.StandardEngine:173 - Starting Servlet engine: [Apache Tomcat/9.0.39]
2021-03-26 14:09:22.218 [main] INFO  o.a.c.c.C.[Tomcat].[localhost].[/trustchain]:173 - Initializing Spring embedded WebApplicationContext
2021-03-26 14:09:22.219 [main] INFO  o.s.b.w.s.c.ServletWebServerApplicationContext:285 - Root WebApplicationContext: initialization completed in 5544 ms
2021-03-26 14:09:23.643 [main] INFO  com.alibaba.druid.pool.DruidDataSource:994 - {dataSource-1,master} inited
2021-03-26 14:09:23.644 [main] INFO  c.b.dynamic.datasource.DynamicRoutingDataSource:132 - dynamic-datasource - load a datasource named [master] success
2021-03-26 14:09:23.644 [main] INFO  c.b.dynamic.datasource.DynamicRoutingDataSource:237 - dynamic-datasource initial loaded [1] datasource,primary datasource named [master]
2021-03-26 14:09:25.451 [main] INFO  org.jeecg.common.modules.redis.config.RedisConfig:76 -  --- redis config init --- 
2021-03-26 14:09:26.752 [main] INFO  org.quartz.impl.StdSchedulerFactory:1220 - Using default implementation for ThreadExecutor
2021-03-26 14:09:26.755 [main] INFO  org.quartz.simpl.SimpleThreadPool:268 - Job execution threads will use class loader of thread: main
2021-03-26 14:09:26.774 [main] INFO  org.quartz.core.SchedulerSignalerImpl:61 - Initialized Scheduler Signaller of type: class org.quartz.core.SchedulerSignalerImpl
2021-03-26 14:09:26.775 [main] INFO  org.quartz.core.QuartzScheduler:229 - Quartz Scheduler v.2.3.2 created.
2021-03-26 14:09:26.783 [main] INFO  o.s.scheduling.quartz.LocalDataSourceJobStore:672 - Using db table-based data access locking (synchronization).
2021-03-26 14:09:26.786 [main] INFO  o.s.scheduling.quartz.LocalDataSourceJobStore:145 - JobStoreCMT initialized.
2021-03-26 14:09:26.788 [main] INFO  org.quartz.core.QuartzScheduler:294 - Scheduler meta-data: Quartz Scheduler (v2.3.2) 'MyScheduler' with instanceId 'localhost1616738966754'
  Scheduler class: 'org.quartz.core.QuartzScheduler' - running locally.
  NOT STARTED.
  Currently in standby mode.
  Number of jobs executed: 0
  Using thread pool 'org.quartz.simpl.SimpleThreadPool' - with 10 threads.
  Using job-store 'org.springframework.scheduling.quartz.LocalDataSourceJobStore' - which supports persistence. and is clustered.

2021-03-26 14:09:26.789 [main] INFO  org.quartz.impl.StdSchedulerFactory:1374 - Quartz scheduler 'MyScheduler' initialized from an externally provided properties instance.
2021-03-26 14:09:26.790 [main] INFO  org.quartz.impl.StdSchedulerFactory:1378 - Quartz scheduler version: 2.3.2
2021-03-26 14:09:26.791 [main] INFO  org.quartz.core.QuartzScheduler:2293 - JobFactory set to: org.springframework.scheduling.quartz.SpringBeanJobFactory@40f15786
2021-03-26 14:09:27.982 [main] INFO  o.j.m.jmreport.config.JimuReportConfiguration:45 -  --- Init JimuReport Config --- 
2021-03-26 14:09:29.634 [main] INFO  o.s.b.actuate.endpoint.web.EndpointLinksResolver:58 - Exposing 2 endpoint(s) beneath base path '/actuator'
2021-03-26 14:09:29.797 [main] INFO  org.jeecg.config.init.CodeGenerateDbConfig:34 -  代码生成器数据库连接，使用application.yml的DB配置 ###################
2021-03-26 14:09:29.844 [main] INFO  s.d.s.w.PropertySourcedRequestMappingHandlerMapping:69 - Mapped URL path [/v2/api-docs] onto method [springfox.documentation.swagger2.web.Swagger2Controller#getDocumentation(String, HttpServletRequest)]
2021-03-26 14:09:30.200 [main] INFO  o.s.scheduling.concurrent.ThreadPoolTaskExecutor:181 - Initializing ExecutorService 'applicationTaskExecutor'
2021-03-26 14:09:31.383 [main] INFO  org.apache.coyote.http11.Http11NioProtocol:173 - Starting ProtocolHandler ["http-nio-auto-1"]
2021-03-26 14:09:31.422 [main] INFO  o.s.boot.web.embedded.tomcat.TomcatWebServer:220 - Tomcat started on port(s): 54849 (http) with context path '/trustchain'
2021-03-26 14:09:31.423 [main] INFO  s.d.s.web.plugins.DocumentationPluginsBootstrapper:160 - Context refreshed
2021-03-26 14:09:31.472 [main] INFO  s.d.s.web.plugins.DocumentationPluginsBootstrapper:163 - Found 1 custom documentation plugin(s)
2021-03-26 14:09:31.541 [main] INFO  s.d.spring.web.scanners.ApiListingReferenceScanner:41 - Scanning for api listing references
2021-03-26 14:09:31.720 [main] INFO  s.d.s.w.r.operation.CachingOperationNameGenerator:40 - Generating unique operation named: addUsingPOST_1
2021-03-26 14:09:31.722 [main] INFO  s.d.s.w.r.operation.CachingOperationNameGenerator:40 - Generating unique operation named: deleteUsingDELETE_1
2021-03-26 14:09:31.723 [main] INFO  s.d.s.w.r.operation.CachingOperationNameGenerator:40 - Generating unique operation named: deleteBatchUsingDELETE_1
2021-03-26 14:09:31.725 [main] INFO  s.d.s.w.r.operation.CachingOperationNameGenerator:40 - Generating unique operation named: editUsingPUT_1
2021-03-26 14:09:31.727 [main] INFO  s.d.s.w.r.operation.CachingOperationNameGenerator:40 - Generating unique operation named: queryByIdUsingGET_1
2021-03-26 14:09:31.732 [main] INFO  s.d.s.w.r.operation.CachingOperationNameGenerator:40 - Generating unique operation named: queryPageListUsingGET_1
2021-03-26 14:09:31.767 [main] INFO  s.d.s.w.r.operation.CachingOperationNameGenerator:40 - Generating unique operation named: addUsingPOST_2
2021-03-26 14:09:31.769 [main] INFO  s.d.s.w.r.operation.CachingOperationNameGenerator:40 - Generating unique operation named: deleteUsingDELETE_2
2021-03-26 14:09:31.771 [main] INFO  s.d.s.w.r.operation.CachingOperationNameGenerator:40 - Generating unique operation named: deleteBatchUsingDELETE_2
2021-03-26 14:09:31.773 [main] INFO  s.d.s.w.r.operation.CachingOperationNameGenerator:40 - Generating unique operation named: editUsingPUT_2
2021-03-26 14:09:31.775 [main] INFO  s.d.s.w.r.operation.CachingOperationNameGenerator:40 - Generating unique operation named: queryByIdUsingGET_2
2021-03-26 14:09:31.779 [main] INFO  s.d.s.w.r.operation.CachingOperationNameGenerator:40 - Generating unique operation named: queryPageListUsingGET_2
2021-03-26 14:09:31.787 [main] INFO  s.d.s.w.r.operation.CachingOperationNameGenerator:40 - Generating unique operation named: addUsingPOST_3
2021-03-26 14:09:31.789 [main] INFO  s.d.s.w.r.operation.CachingOperationNameGenerator:40 - Generating unique operation named: deleteUsingDELETE_3
2021-03-26 14:09:31.790 [main] INFO  s.d.s.w.r.operation.CachingOperationNameGenerator:40 - Generating unique operation named: deleteBatchUsingDELETE_3
2021-03-26 14:09:31.792 [main] INFO  s.d.s.w.r.operation.CachingOperationNameGenerator:40 - Generating unique operation named: editUsingPUT_3
2021-03-26 14:09:31.793 [main] INFO  s.d.s.w.r.operation.CachingOperationNameGenerator:40 - Generating unique operation named: queryByIdUsingGET_3
2021-03-26 14:09:31.797 [main] INFO  s.d.s.w.r.operation.CachingOperationNameGenerator:40 - Generating unique operation named: queryPageListUsingGET_3
2021-03-26 14:09:31.803 [main] INFO  s.d.s.w.r.operation.CachingOperationNameGenerator:40 - Generating unique operation named: addUsingPOST_4
2021-03-26 14:09:31.804 [main] INFO  s.d.s.w.r.operation.CachingOperationNameGenerator:40 - Generating unique operation named: deleteUsingDELETE_4
2021-03-26 14:09:31.806 [main] INFO  s.d.s.w.r.operation.CachingOperationNameGenerator:40 - Generating unique operation named: deleteBatchUsingDELETE_4
2021-03-26 14:09:31.807 [main] INFO  s.d.s.w.r.operation.CachingOperationNameGenerator:40 - Generating unique operation named: editUsingPUT_4
2021-03-26 14:09:31.808 [main] INFO  s.d.s.w.r.operation.CachingOperationNameGenerator:40 - Generating unique operation named: queryByIdUsingGET_4
2021-03-26 14:09:31.811 [main] INFO  s.d.s.w.r.operation.CachingOperationNameGenerator:40 - Generating unique operation named: queryPageListUsingGET_4
2021-03-26 14:09:31.816 [main] INFO  s.d.s.w.r.operation.CachingOperationNameGenerator:40 - Generating unique operation named: addUsingPOST_5
2021-03-26 14:09:31.818 [main] INFO  s.d.s.w.r.operation.CachingOperationNameGenerator:40 - Generating unique operation named: deleteUsingDELETE_5
2021-03-26 14:09:31.819 [main] INFO  s.d.s.w.r.operation.CachingOperationNameGenerator:40 - Generating unique operation named: deleteBatchUsingDELETE_5
2021-03-26 14:09:31.820 [main] INFO  s.d.s.w.r.operation.CachingOperationNameGenerator:40 - Generating unique operation named: editUsingPUT_5
2021-03-26 14:09:31.822 [main] INFO  s.d.s.w.r.operation.CachingOperationNameGenerator:40 - Generating unique operation named: queryByIdUsingGET_5
2021-03-26 14:09:31.826 [main] INFO  s.d.s.w.r.operation.CachingOperationNameGenerator:40 - Generating unique operation named: queryPageListUsingGET_5
2021-03-26 14:09:31.834 [main] INFO  s.d.s.w.r.operation.CachingOperationNameGenerator:40 - Generating unique operation named: addUsingPOST_6
2021-03-26 14:09:31.835 [main] INFO  s.d.s.w.r.operation.CachingOperationNameGenerator:40 - Generating unique operation named: deleteUsingDELETE_6
2021-03-26 14:09:31.836 [main] INFO  s.d.s.w.r.operation.CachingOperationNameGenerator:40 - Generating unique operation named: deleteBatchUsingDELETE_6
2021-03-26 14:09:31.837 [main] INFO  s.d.s.w.r.operation.CachingOperationNameGenerator:40 - Generating unique operation named: editUsingPUT_6
2021-03-26 14:09:31.838 [main] INFO  s.d.s.w.r.operation.CachingOperationNameGenerator:40 - Generating unique operation named: queryByIdUsingGET_6
2021-03-26 14:09:31.841 [main] INFO  s.d.s.w.r.operation.CachingOperationNameGenerator:40 - Generating unique operation named: queryPageListUsingGET_6
2021-03-26 14:09:31.850 [main] INFO  s.d.s.w.r.operation.CachingOperationNameGenerator:40 - Generating unique operation named: addUsingPOST_7
2021-03-26 14:09:31.851 [main] INFO  s.d.s.w.r.operation.CachingOperationNameGenerator:40 - Generating unique operation named: deleteUsingDELETE_7
2021-03-26 14:09:31.852 [main] INFO  s.d.s.w.r.operation.CachingOperationNameGenerator:40 - Generating unique operation named: deleteBatchUsingDELETE_7
2021-03-26 14:09:31.853 [main] INFO  s.d.s.w.r.operation.CachingOperationNameGenerator:40 - Generating unique operation named: editUsingPUT_7
2021-03-26 14:09:31.855 [main] INFO  s.d.s.w.r.operation.CachingOperationNameGenerator:40 - Generating unique operation named: queryByIdUsingGET_7
2021-03-26 14:09:31.863 [main] INFO  s.d.s.w.r.operation.CachingOperationNameGenerator:40 - Generating unique operation named: queryPageListUsingGET_7
2021-03-26 14:09:32.147 [main] INFO  o.s.scheduling.quartz.SchedulerFactoryBean:727 - Starting Quartz Scheduler now
2021-03-26 14:09:32.570 [main] INFO  org.quartz.core.QuartzScheduler:547 - Scheduler MyScheduler_$_localhost1616738966754 started.
2021-03-26 14:09:32.586 [main] INFO  org.jeecg.modules.trustchain.UserInfoTest:61 - Started UserInfoTest in 16.43 seconds (JVM running for 17.382)
2021-03-26 14:09:32.854 [SpringContextShutdownHook] INFO  org.quartz.core.QuartzScheduler:585 - Scheduler MyScheduler_$_localhost1616738966754 paused.
2021-03-26 14:09:34.096 [SpringContextShutdownHook] INFO  o.s.scheduling.concurrent.ThreadPoolTaskExecutor:218 - Shutting down ExecutorService 'applicationTaskExecutor'
2021-03-26 14:09:34.100 [SpringContextShutdownHook] INFO  o.s.scheduling.quartz.SchedulerFactoryBean:845 - Shutting down Quartz Scheduler
2021-03-26 14:09:34.101 [SpringContextShutdownHook] INFO  org.quartz.core.QuartzScheduler:666 - Scheduler MyScheduler_$_localhost1616738966754 shutting down.
2021-03-26 14:09:34.101 [SpringContextShutdownHook] INFO  org.quartz.core.QuartzScheduler:585 - Scheduler MyScheduler_$_localhost1616738966754 paused.
2021-03-26 14:09:34.102 [SpringContextShutdownHook] INFO  org.quartz.core.QuartzScheduler:740 - Scheduler MyScheduler_$_localhost1616738966754 shutdown complete.
2021-03-26 14:09:34.108 [SpringContextShutdownHook] INFO  c.b.dynamic.datasource.DynamicRoutingDataSource:217 - dynamic-datasource start closing ....
2021-03-26 14:09:34.110 [SpringContextShutdownHook] INFO  com.alibaba.druid.pool.DruidDataSource:2029 - {dataSource-1} closing ...
2021-03-26 14:09:34.118 [SpringContextShutdownHook] INFO  com.alibaba.druid.pool.DruidDataSource:2101 - {dataSource-1} closed
2021-03-26 14:09:34.119 [SpringContextShutdownHook] INFO  c.b.dynamic.datasource.DynamicRoutingDataSource:221 - dynamic-datasource all closed success,bye
2021-03-26 14:16:35.214 [background-preinit] INFO  org.hibernate.validator.internal.util.Version:21 - HV000001: Hibernate Validator 6.1.6.Final
2021-03-26 14:16:35.254 [main] INFO  org.jeecg.modules.trustchain.UserInfoTest:55 - Starting UserInfoTest on localhost with PID 41709 (started by rade in /Users/rade/Documents/Java/trustchain/trustchain/trustchain-module-system)
2021-03-26 14:16:35.255 [main] INFO  org.jeecg.modules.trustchain.UserInfoTest:655 - The following profiles are active: dev
2021-03-26 14:16:35.852 [background-preinit] WARN  o.s.h.converter.json.Jackson2ObjectMapperBuilder:127 - For Jackson Kotlin classes support please add "com.fasterxml.jackson.module:jackson-module-kotlin" to the classpath
2021-03-26 14:16:36.900 [main] INFO  o.s.d.r.config.RepositoryConfigurationDelegate:249 - Multiple Spring Data modules found, entering strict repository configuration mode!
2021-03-26 14:16:36.903 [main] INFO  o.s.d.r.config.RepositoryConfigurationDelegate:127 - Bootstrapping Spring Data Redis repositories in DEFAULT mode.
2021-03-26 14:16:37.002 [main] INFO  o.s.d.r.config.RepositoryConfigurationDelegate:187 - Finished Spring Data repository scanning in 86ms. Found 0 Redis repository interfaces.
2021-03-26 14:16:37.507 [main] INFO  o.s.c.s.PostProcessorRegistrationDelegate$BeanPostProcessorChecker:335 - Bean 'spring.redis-org.springframework.boot.autoconfigure.data.redis.RedisProperties' of type [org.springframework.boot.autoconfigure.data.redis.RedisProperties] is not eligible for getting processed by all BeanPostProcessors (for example: not eligible for auto-proxying)
2021-03-26 14:16:37.514 [main] INFO  o.s.c.s.PostProcessorRegistrationDelegate$BeanPostProcessorChecker:335 - Bean 'org.springframework.boot.autoconfigure.data.redis.LettuceConnectionConfiguration' of type [org.springframework.boot.autoconfigure.data.redis.LettuceConnectionConfiguration] is not eligible for getting processed by all BeanPostProcessors (for example: not eligible for auto-proxying)
2021-03-26 14:16:37.708 [main] INFO  o.s.c.s.PostProcessorRegistrationDelegate$BeanPostProcessorChecker:335 - Bean 'lettuceClientResources' of type [io.lettuce.core.resource.DefaultClientResources] is not eligible for getting processed by all BeanPostProcessors (for example: not eligible for auto-proxying)
2021-03-26 14:16:37.826 [main] INFO  o.s.c.s.PostProcessorRegistrationDelegate$BeanPostProcessorChecker:335 - Bean 'redisConnectionFactory' of type [org.springframework.data.redis.connection.lettuce.LettuceConnectionFactory] is not eligible for getting processed by all BeanPostProcessors (for example: not eligible for auto-proxying)
2021-03-26 14:16:37.828 [main] INFO  o.s.c.s.PostProcessorRegistrationDelegate$BeanPostProcessorChecker:335 - Bean 'shiroConfig' of type [org.jeecg.config.shiro.ShiroConfig$$EnhancerBySpringCGLIB$$4e097ec8] is not eligible for getting processed by all BeanPostProcessors (for example: not eligible for auto-proxying)
2021-03-26 14:16:37.908 [main] INFO  o.s.c.s.PostProcessorRegistrationDelegate$BeanPostProcessorChecker:335 - Bean 'shiroRealm' of type [org.jeecg.config.shiro.ShiroRealm] is not eligible for getting processed by all BeanPostProcessors (for example: not eligible for auto-proxying)
2021-03-26 14:16:38.037 [main] INFO  org.jeecg.config.shiro.ShiroConfig:210 - ===============(1)创建缓存管理器RedisCacheManager
2021-03-26 14:16:38.040 [main] INFO  org.jeecg.config.shiro.ShiroConfig:228 - ===============(2)创建RedisManager,连接Redis..
2021-03-26 14:16:38.048 [main] INFO  o.s.c.s.PostProcessorRegistrationDelegate$BeanPostProcessorChecker:335 - Bean 'redisManager' of type [org.crazycake.shiro.RedisManager] is not eligible for getting processed by all BeanPostProcessors (for example: not eligible for auto-proxying)
2021-03-26 14:16:38.066 [main] INFO  o.s.c.s.PostProcessorRegistrationDelegate$BeanPostProcessorChecker:335 - Bean 'securityManager' of type [org.apache.shiro.web.mgt.DefaultWebSecurityManager] is not eligible for getting processed by all BeanPostProcessors (for example: not eligible for auto-proxying)
2021-03-26 14:16:38.131 [main] INFO  o.s.c.s.PostProcessorRegistrationDelegate$BeanPostProcessorChecker:335 - Bean 'authorizationAttributeSourceAdvisor' of type [org.apache.shiro.spring.security.interceptor.AuthorizationAttributeSourceAdvisor] is not eligible for getting processed by all BeanPostProcessors (for example: not eligible for auto-proxying)
2021-03-26 14:16:38.458 [main] INFO  o.s.c.s.PostProcessorRegistrationDelegate$BeanPostProcessorChecker:335 - Bean 'spring.datasource.dynamic-com.baomidou.dynamic.datasource.spring.boot.autoconfigure.DynamicDataSourceProperties' of type [com.baomidou.dynamic.datasource.spring.boot.autoconfigure.DynamicDataSourceProperties] is not eligible for getting processed by all BeanPostProcessors (for example: not eligible for auto-proxying)
2021-03-26 14:16:38.470 [main] INFO  o.s.c.s.PostProcessorRegistrationDelegate$BeanPostProcessorChecker:335 - Bean 'com.baomidou.dynamic.datasource.spring.boot.autoconfigure.DynamicDataSourceAutoConfiguration' of type [com.baomidou.dynamic.datasource.spring.boot.autoconfigure.DynamicDataSourceAutoConfiguration$$EnhancerBySpringCGLIB$$585ba7a0] is not eligible for getting processed by all BeanPostProcessors (for example: not eligible for auto-proxying)
2021-03-26 14:16:38.481 [main] INFO  o.s.c.s.PostProcessorRegistrationDelegate$BeanPostProcessorChecker:335 - Bean 'dsProcessor' of type [com.baomidou.dynamic.datasource.processor.DsHeaderProcessor] is not eligible for getting processed by all BeanPostProcessors (for example: not eligible for auto-proxying)
2021-03-26 14:16:38.505 [main] INFO  o.s.c.s.PostProcessorRegistrationDelegate$BeanPostProcessorChecker:335 - Bean 'redisConfig' of type [org.jeecg.common.modules.redis.config.RedisConfig$$EnhancerBySpringCGLIB$$6b6b8ef8] is not eligible for getting processed by all BeanPostProcessors (for example: not eligible for auto-proxying)
2021-03-26 14:16:38.591 [main] INFO  o.s.c.s.PostProcessorRegistrationDelegate$BeanPostProcessorChecker:335 - Bean 'org.apache.shiro.spring.boot.autoconfigure.ShiroBeanAutoConfiguration' of type [org.apache.shiro.spring.boot.autoconfigure.ShiroBeanAutoConfiguration$$EnhancerBySpringCGLIB$$1e6147f] is not eligible for getting processed by all BeanPostProcessors (for example: not eligible for auto-proxying)
2021-03-26 14:16:38.601 [main] INFO  o.s.c.s.PostProcessorRegistrationDelegate$BeanPostProcessorChecker:335 - Bean 'eventBus' of type [org.apache.shiro.event.support.DefaultEventBus] is not eligible for getting processed by all BeanPostProcessors (for example: not eligible for auto-proxying)
2021-03-26 14:16:39.120 [main] INFO  o.s.boot.web.embedded.tomcat.TomcatWebServer:108 - Tomcat initialized with port(s): 0 (http)
2021-03-26 14:16:39.134 [main] INFO  org.apache.coyote.http11.Http11NioProtocol:173 - Initializing ProtocolHandler ["http-nio-auto-1"]
2021-03-26 14:16:39.135 [main] INFO  org.apache.catalina.core.StandardService:173 - Starting service [Tomcat]
2021-03-26 14:16:39.135 [main] INFO  org.apache.catalina.core.StandardEngine:173 - Starting Servlet engine: [Apache Tomcat/9.0.39]
2021-03-26 14:16:39.256 [main] INFO  o.a.c.c.C.[Tomcat].[localhost].[/trustchain]:173 - Initializing Spring embedded WebApplicationContext
2021-03-26 14:16:39.256 [main] INFO  o.s.b.w.s.c.ServletWebServerApplicationContext:285 - Root WebApplicationContext: initialization completed in 3982 ms
2021-03-26 14:16:40.740 [main] INFO  com.alibaba.druid.pool.DruidDataSource:994 - {dataSource-1,master} inited
2021-03-26 14:16:40.742 [main] INFO  c.b.dynamic.datasource.DynamicRoutingDataSource:132 - dynamic-datasource - load a datasource named [master] success
2021-03-26 14:16:40.743 [main] INFO  c.b.dynamic.datasource.DynamicRoutingDataSource:237 - dynamic-datasource initial loaded [1] datasource,primary datasource named [master]
2021-03-26 14:16:42.722 [main] INFO  org.jeecg.common.modules.redis.config.RedisConfig:76 -  --- redis config init --- 
2021-03-26 14:16:44.467 [main] INFO  org.quartz.impl.StdSchedulerFactory:1220 - Using default implementation for ThreadExecutor
2021-03-26 14:16:44.470 [main] INFO  org.quartz.simpl.SimpleThreadPool:268 - Job execution threads will use class loader of thread: main
2021-03-26 14:16:44.487 [main] INFO  org.quartz.core.SchedulerSignalerImpl:61 - Initialized Scheduler Signaller of type: class org.quartz.core.SchedulerSignalerImpl
2021-03-26 14:16:44.488 [main] INFO  org.quartz.core.QuartzScheduler:229 - Quartz Scheduler v.2.3.2 created.
2021-03-26 14:16:44.494 [main] INFO  o.s.scheduling.quartz.LocalDataSourceJobStore:672 - Using db table-based data access locking (synchronization).
2021-03-26 14:16:44.497 [main] INFO  o.s.scheduling.quartz.LocalDataSourceJobStore:145 - JobStoreCMT initialized.
2021-03-26 14:16:44.498 [main] INFO  org.quartz.core.QuartzScheduler:294 - Scheduler meta-data: Quartz Scheduler (v2.3.2) 'MyScheduler' with instanceId 'localhost1616739404469'
  Scheduler class: 'org.quartz.core.QuartzScheduler' - running locally.
  NOT STARTED.
  Currently in standby mode.
  Number of jobs executed: 0
  Using thread pool 'org.quartz.simpl.SimpleThreadPool' - with 10 threads.
  Using job-store 'org.springframework.scheduling.quartz.LocalDataSourceJobStore' - which supports persistence. and is clustered.

2021-03-26 14:16:44.499 [main] INFO  org.quartz.impl.StdSchedulerFactory:1374 - Quartz scheduler 'MyScheduler' initialized from an externally provided properties instance.
2021-03-26 14:16:44.499 [main] INFO  org.quartz.impl.StdSchedulerFactory:1378 - Quartz scheduler version: 2.3.2
2021-03-26 14:16:44.500 [main] INFO  org.quartz.core.QuartzScheduler:2293 - JobFactory set to: org.springframework.scheduling.quartz.SpringBeanJobFactory@5c0f508b
2021-03-26 14:16:45.610 [main] INFO  o.j.m.jmreport.config.JimuReportConfiguration:45 -  --- Init JimuReport Config --- 
2021-03-26 14:16:47.792 [main] INFO  o.s.b.actuate.endpoint.web.EndpointLinksResolver:58 - Exposing 2 endpoint(s) beneath base path '/actuator'
2021-03-26 14:16:47.990 [main] INFO  org.jeecg.config.init.CodeGenerateDbConfig:34 -  代码生成器数据库连接，使用application.yml的DB配置 ###################
2021-03-26 14:16:48.037 [main] INFO  s.d.s.w.PropertySourcedRequestMappingHandlerMapping:69 - Mapped URL path [/v2/api-docs] onto method [springfox.documentation.swagger2.web.Swagger2Controller#getDocumentation(String, HttpServletRequest)]
2021-03-26 14:16:48.482 [main] INFO  o.s.scheduling.concurrent.ThreadPoolTaskExecutor:181 - Initializing ExecutorService 'applicationTaskExecutor'
2021-03-26 14:16:49.767 [main] INFO  org.apache.coyote.http11.Http11NioProtocol:173 - Starting ProtocolHandler ["http-nio-auto-1"]
2021-03-26 14:16:49.817 [main] INFO  o.s.boot.web.embedded.tomcat.TomcatWebServer:220 - Tomcat started on port(s): 55196 (http) with context path '/trustchain'
2021-03-26 14:16:49.819 [main] INFO  s.d.s.web.plugins.DocumentationPluginsBootstrapper:160 - Context refreshed
2021-03-26 14:16:49.839 [main] INFO  s.d.s.web.plugins.DocumentationPluginsBootstrapper:163 - Found 1 custom documentation plugin(s)
2021-03-26 14:16:49.928 [main] INFO  s.d.spring.web.scanners.ApiListingReferenceScanner:41 - Scanning for api listing references
2021-03-26 14:16:50.251 [main] INFO  s.d.s.w.r.operation.CachingOperationNameGenerator:40 - Generating unique operation named: addUsingPOST_1
2021-03-26 14:16:50.254 [main] INFO  s.d.s.w.r.operation.CachingOperationNameGenerator:40 - Generating unique operation named: deleteUsingDELETE_1
2021-03-26 14:16:50.257 [main] INFO  s.d.s.w.r.operation.CachingOperationNameGenerator:40 - Generating unique operation named: deleteBatchUsingDELETE_1
2021-03-26 14:16:50.259 [main] INFO  s.d.s.w.r.operation.CachingOperationNameGenerator:40 - Generating unique operation named: editUsingPUT_1
2021-03-26 14:16:50.262 [main] INFO  s.d.s.w.r.operation.CachingOperationNameGenerator:40 - Generating unique operation named: queryByIdUsingGET_1
2021-03-26 14:16:50.268 [main] INFO  s.d.s.w.r.operation.CachingOperationNameGenerator:40 - Generating unique operation named: queryPageListUsingGET_1
2021-03-26 14:16:50.321 [main] INFO  s.d.s.w.r.operation.CachingOperationNameGenerator:40 - Generating unique operation named: addUsingPOST_2
2021-03-26 14:16:50.326 [main] INFO  s.d.s.w.r.operation.CachingOperationNameGenerator:40 - Generating unique operation named: deleteUsingDELETE_2
2021-03-26 14:16:50.329 [main] INFO  s.d.s.w.r.operation.CachingOperationNameGenerator:40 - Generating unique operation named: deleteBatchUsingDELETE_2
2021-03-26 14:16:50.332 [main] INFO  s.d.s.w.r.operation.CachingOperationNameGenerator:40 - Generating unique operation named: editUsingPUT_2
2021-03-26 14:16:50.335 [main] INFO  s.d.s.w.r.operation.CachingOperationNameGenerator:40 - Generating unique operation named: queryByIdUsingGET_2
2021-03-26 14:16:50.341 [main] INFO  s.d.s.w.r.operation.CachingOperationNameGenerator:40 - Generating unique operation named: queryPageListUsingGET_2
2021-03-26 14:16:50.353 [main] INFO  s.d.s.w.r.operation.CachingOperationNameGenerator:40 - Generating unique operation named: addUsingPOST_3
2021-03-26 14:16:50.355 [main] INFO  s.d.s.w.r.operation.CachingOperationNameGenerator:40 - Generating unique operation named: deleteUsingDELETE_3
2021-03-26 14:16:50.357 [main] INFO  s.d.s.w.r.operation.CachingOperationNameGenerator:40 - Generating unique operation named: deleteBatchUsingDELETE_3
2021-03-26 14:16:50.359 [main] INFO  s.d.s.w.r.operation.CachingOperationNameGenerator:40 - Generating unique operation named: editUsingPUT_3
2021-03-26 14:16:50.362 [main] INFO  s.d.s.w.r.operation.CachingOperationNameGenerator:40 - Generating unique operation named: queryByIdUsingGET_3
2021-03-26 14:16:50.368 [main] INFO  s.d.s.w.r.operation.CachingOperationNameGenerator:40 - Generating unique operation named: queryPageListUsingGET_3
2021-03-26 14:16:50.374 [main] INFO  s.d.s.w.r.operation.CachingOperationNameGenerator:40 - Generating unique operation named: addUsingPOST_4
2021-03-26 14:16:50.377 [main] INFO  s.d.s.w.r.operation.CachingOperationNameGenerator:40 - Generating unique operation named: deleteUsingDELETE_4
2021-03-26 14:16:50.379 [main] INFO  s.d.s.w.r.operation.CachingOperationNameGenerator:40 - Generating unique operation named: deleteBatchUsingDELETE_4
2021-03-26 14:16:50.381 [main] INFO  s.d.s.w.r.operation.CachingOperationNameGenerator:40 - Generating unique operation named: editUsingPUT_4
2021-03-26 14:16:50.384 [main] INFO  s.d.s.w.r.operation.CachingOperationNameGenerator:40 - Generating unique operation named: queryByIdUsingGET_4
2021-03-26 14:16:50.389 [main] INFO  s.d.s.w.r.operation.CachingOperationNameGenerator:40 - Generating unique operation named: queryPageListUsingGET_4
2021-03-26 14:16:50.398 [main] INFO  s.d.s.w.r.operation.CachingOperationNameGenerator:40 - Generating unique operation named: addUsingPOST_5
2021-03-26 14:16:50.401 [main] INFO  s.d.s.w.r.operation.CachingOperationNameGenerator:40 - Generating unique operation named: deleteUsingDELETE_5
2021-03-26 14:16:50.404 [main] INFO  s.d.s.w.r.operation.CachingOperationNameGenerator:40 - Generating unique operation named: deleteBatchUsingDELETE_5
2021-03-26 14:16:50.406 [main] INFO  s.d.s.w.r.operation.CachingOperationNameGenerator:40 - Generating unique operation named: editUsingPUT_5
2021-03-26 14:16:50.409 [main] INFO  s.d.s.w.r.operation.CachingOperationNameGenerator:40 - Generating unique operation named: queryByIdUsingGET_5
2021-03-26 14:16:50.417 [main] INFO  s.d.s.w.r.operation.CachingOperationNameGenerator:40 - Generating unique operation named: queryPageListUsingGET_5
2021-03-26 14:16:50.432 [main] INFO  s.d.s.w.r.operation.CachingOperationNameGenerator:40 - Generating unique operation named: addUsingPOST_6
2021-03-26 14:16:50.434 [main] INFO  s.d.s.w.r.operation.CachingOperationNameGenerator:40 - Generating unique operation named: deleteUsingDELETE_6
2021-03-26 14:16:50.435 [main] INFO  s.d.s.w.r.operation.CachingOperationNameGenerator:40 - Generating unique operation named: deleteBatchUsingDELETE_6
2021-03-26 14:16:50.437 [main] INFO  s.d.s.w.r.operation.CachingOperationNameGenerator:40 - Generating unique operation named: editUsingPUT_6
2021-03-26 14:16:50.438 [main] INFO  s.d.s.w.r.operation.CachingOperationNameGenerator:40 - Generating unique operation named: queryByIdUsingGET_6
2021-03-26 14:16:50.445 [main] INFO  s.d.s.w.r.operation.CachingOperationNameGenerator:40 - Generating unique operation named: queryPageListUsingGET_6
2021-03-26 14:16:50.458 [main] INFO  s.d.s.w.r.operation.CachingOperationNameGenerator:40 - Generating unique operation named: addUsingPOST_7
2021-03-26 14:16:50.461 [main] INFO  s.d.s.w.r.operation.CachingOperationNameGenerator:40 - Generating unique operation named: deleteUsingDELETE_7
2021-03-26 14:16:50.464 [main] INFO  s.d.s.w.r.operation.CachingOperationNameGenerator:40 - Generating unique operation named: deleteBatchUsingDELETE_7
2021-03-26 14:16:50.467 [main] INFO  s.d.s.w.r.operation.CachingOperationNameGenerator:40 - Generating unique operation named: editUsingPUT_7
2021-03-26 14:16:50.471 [main] INFO  s.d.s.w.r.operation.CachingOperationNameGenerator:40 - Generating unique operation named: queryByIdUsingGET_7
2021-03-26 14:16:50.485 [main] INFO  s.d.s.w.r.operation.CachingOperationNameGenerator:40 - Generating unique operation named: queryPageListUsingGET_7
2021-03-26 14:16:50.850 [main] INFO  o.s.scheduling.quartz.SchedulerFactoryBean:727 - Starting Quartz Scheduler now
2021-03-26 14:16:51.366 [main] INFO  org.quartz.core.QuartzScheduler:547 - Scheduler MyScheduler_$_localhost1616739404469 started.
2021-03-26 14:16:51.384 [main] INFO  org.jeecg.modules.trustchain.UserInfoTest:61 - Started UserInfoTest in 16.684 seconds (JVM running for 17.538)
2021-03-26 14:16:51.638 [SpringContextShutdownHook] INFO  org.quartz.core.QuartzScheduler:585 - Scheduler MyScheduler_$_localhost1616739404469 paused.
2021-03-26 14:16:52.851 [SpringContextShutdownHook] INFO  o.s.scheduling.concurrent.ThreadPoolTaskExecutor:218 - Shutting down ExecutorService 'applicationTaskExecutor'
2021-03-26 14:16:52.856 [SpringContextShutdownHook] INFO  o.s.scheduling.quartz.SchedulerFactoryBean:845 - Shutting down Quartz Scheduler
2021-03-26 14:16:52.856 [SpringContextShutdownHook] INFO  org.quartz.core.QuartzScheduler:666 - Scheduler MyScheduler_$_localhost1616739404469 shutting down.
2021-03-26 14:16:52.856 [SpringContextShutdownHook] INFO  org.quartz.core.QuartzScheduler:585 - Scheduler MyScheduler_$_localhost1616739404469 paused.
2021-03-26 14:16:52.857 [SpringContextShutdownHook] INFO  org.quartz.core.QuartzScheduler:740 - Scheduler MyScheduler_$_localhost1616739404469 shutdown complete.
2021-03-26 14:16:52.864 [SpringContextShutdownHook] INFO  c.b.dynamic.datasource.DynamicRoutingDataSource:217 - dynamic-datasource start closing ....
2021-03-26 14:16:52.865 [SpringContextShutdownHook] INFO  com.alibaba.druid.pool.DruidDataSource:2029 - {dataSource-1} closing ...
2021-03-26 14:16:52.874 [SpringContextShutdownHook] INFO  com.alibaba.druid.pool.DruidDataSource:2101 - {dataSource-1} closed
2021-03-26 14:16:52.874 [SpringContextShutdownHook] INFO  c.b.dynamic.datasource.DynamicRoutingDataSource:221 - dynamic-datasource all closed success,bye
2021-03-26 14:25:41.143 [background-preinit] INFO  org.hibernate.validator.internal.util.Version:21 - HV000001: Hibernate Validator 6.1.6.Final
2021-03-26 14:25:41.189 [main] INFO  org.jeecg.modules.trustchain.UserInfoTest:55 - Starting UserInfoTest on localhost with PID 41792 (started by rade in /Users/rade/Documents/Java/trustchain/trustchain/trustchain-module-system)
2021-03-26 14:25:41.190 [main] INFO  org.jeecg.modules.trustchain.UserInfoTest:655 - The following profiles are active: dev
2021-03-26 14:25:41.805 [background-preinit] WARN  o.s.h.converter.json.Jackson2ObjectMapperBuilder:127 - For Jackson Kotlin classes support please add "com.fasterxml.jackson.module:jackson-module-kotlin" to the classpath
2021-03-26 14:25:42.860 [main] INFO  o.s.d.r.config.RepositoryConfigurationDelegate:249 - Multiple Spring Data modules found, entering strict repository configuration mode!
2021-03-26 14:25:42.862 [main] INFO  o.s.d.r.config.RepositoryConfigurationDelegate:127 - Bootstrapping Spring Data Redis repositories in DEFAULT mode.
2021-03-26 14:25:42.961 [main] INFO  o.s.d.r.config.RepositoryConfigurationDelegate:187 - Finished Spring Data repository scanning in 87ms. Found 0 Redis repository interfaces.
2021-03-26 14:25:43.463 [main] INFO  o.s.c.s.PostProcessorRegistrationDelegate$BeanPostProcessorChecker:335 - Bean 'spring.redis-org.springframework.boot.autoconfigure.data.redis.RedisProperties' of type [org.springframework.boot.autoconfigure.data.redis.RedisProperties] is not eligible for getting processed by all BeanPostProcessors (for example: not eligible for auto-proxying)
2021-03-26 14:25:43.475 [main] INFO  o.s.c.s.PostProcessorRegistrationDelegate$BeanPostProcessorChecker:335 - Bean 'org.springframework.boot.autoconfigure.data.redis.LettuceConnectionConfiguration' of type [org.springframework.boot.autoconfigure.data.redis.LettuceConnectionConfiguration] is not eligible for getting processed by all BeanPostProcessors (for example: not eligible for auto-proxying)
2021-03-26 14:25:43.742 [main] INFO  o.s.c.s.PostProcessorRegistrationDelegate$BeanPostProcessorChecker:335 - Bean 'lettuceClientResources' of type [io.lettuce.core.resource.DefaultClientResources] is not eligible for getting processed by all BeanPostProcessors (for example: not eligible for auto-proxying)
2021-03-26 14:25:43.925 [main] INFO  o.s.c.s.PostProcessorRegistrationDelegate$BeanPostProcessorChecker:335 - Bean 'redisConnectionFactory' of type [org.springframework.data.redis.connection.lettuce.LettuceConnectionFactory] is not eligible for getting processed by all BeanPostProcessors (for example: not eligible for auto-proxying)
2021-03-26 14:25:43.929 [main] INFO  o.s.c.s.PostProcessorRegistrationDelegate$BeanPostProcessorChecker:335 - Bean 'shiroConfig' of type [org.jeecg.config.shiro.ShiroConfig$$EnhancerBySpringCGLIB$$fe274687] is not eligible for getting processed by all BeanPostProcessors (for example: not eligible for auto-proxying)
2021-03-26 14:25:44.028 [main] INFO  o.s.c.s.PostProcessorRegistrationDelegate$BeanPostProcessorChecker:335 - Bean 'shiroRealm' of type [org.jeecg.config.shiro.ShiroRealm] is not eligible for getting processed by all BeanPostProcessors (for example: not eligible for auto-proxying)
2021-03-26 14:25:44.177 [main] INFO  org.jeecg.config.shiro.ShiroConfig:210 - ===============(1)创建缓存管理器RedisCacheManager
2021-03-26 14:25:44.181 [main] INFO  org.jeecg.config.shiro.ShiroConfig:228 - ===============(2)创建RedisManager,连接Redis..
2021-03-26 14:25:44.189 [main] INFO  o.s.c.s.PostProcessorRegistrationDelegate$BeanPostProcessorChecker:335 - Bean 'redisManager' of type [org.crazycake.shiro.RedisManager] is not eligible for getting processed by all BeanPostProcessors (for example: not eligible for auto-proxying)
2021-03-26 14:25:44.206 [main] INFO  o.s.c.s.PostProcessorRegistrationDelegate$BeanPostProcessorChecker:335 - Bean 'securityManager' of type [org.apache.shiro.web.mgt.DefaultWebSecurityManager] is not eligible for getting processed by all BeanPostProcessors (for example: not eligible for auto-proxying)
2021-03-26 14:25:44.274 [main] INFO  o.s.c.s.PostProcessorRegistrationDelegate$BeanPostProcessorChecker:335 - Bean 'authorizationAttributeSourceAdvisor' of type [org.apache.shiro.spring.security.interceptor.AuthorizationAttributeSourceAdvisor] is not eligible for getting processed by all BeanPostProcessors (for example: not eligible for auto-proxying)
2021-03-26 14:25:44.666 [main] INFO  o.s.c.s.PostProcessorRegistrationDelegate$BeanPostProcessorChecker:335 - Bean 'spring.datasource.dynamic-com.baomidou.dynamic.datasource.spring.boot.autoconfigure.DynamicDataSourceProperties' of type [com.baomidou.dynamic.datasource.spring.boot.autoconfigure.DynamicDataSourceProperties] is not eligible for getting processed by all BeanPostProcessors (for example: not eligible for auto-proxying)
2021-03-26 14:25:44.677 [main] INFO  o.s.c.s.PostProcessorRegistrationDelegate$BeanPostProcessorChecker:335 - Bean 'com.baomidou.dynamic.datasource.spring.boot.autoconfigure.DynamicDataSourceAutoConfiguration' of type [com.baomidou.dynamic.datasource.spring.boot.autoconfigure.DynamicDataSourceAutoConfiguration$$EnhancerBySpringCGLIB$$8796f5f] is not eligible for getting processed by all BeanPostProcessors (for example: not eligible for auto-proxying)
2021-03-26 14:25:44.689 [main] INFO  o.s.c.s.PostProcessorRegistrationDelegate$BeanPostProcessorChecker:335 - Bean 'dsProcessor' of type [com.baomidou.dynamic.datasource.processor.DsHeaderProcessor] is not eligible for getting processed by all BeanPostProcessors (for example: not eligible for auto-proxying)
2021-03-26 14:25:44.715 [main] INFO  o.s.c.s.PostProcessorRegistrationDelegate$BeanPostProcessorChecker:335 - Bean 'redisConfig' of type [org.jeecg.common.modules.redis.config.RedisConfig$$EnhancerBySpringCGLIB$$1b8956b7] is not eligible for getting processed by all BeanPostProcessors (for example: not eligible for auto-proxying)
2021-03-26 14:25:44.812 [main] INFO  o.s.c.s.PostProcessorRegistrationDelegate$BeanPostProcessorChecker:335 - Bean 'org.apache.shiro.spring.boot.autoconfigure.ShiroBeanAutoConfiguration' of type [org.apache.shiro.spring.boot.autoconfigure.ShiroBeanAutoConfiguration$$EnhancerBySpringCGLIB$$b203dc3e] is not eligible for getting processed by all BeanPostProcessors (for example: not eligible for auto-proxying)
2021-03-26 14:25:44.822 [main] INFO  o.s.c.s.PostProcessorRegistrationDelegate$BeanPostProcessorChecker:335 - Bean 'eventBus' of type [org.apache.shiro.event.support.DefaultEventBus] is not eligible for getting processed by all BeanPostProcessors (for example: not eligible for auto-proxying)
2021-03-26 14:25:45.379 [main] INFO  o.s.boot.web.embedded.tomcat.TomcatWebServer:108 - Tomcat initialized with port(s): 0 (http)
2021-03-26 14:25:45.395 [main] INFO  org.apache.coyote.http11.Http11NioProtocol:173 - Initializing ProtocolHandler ["http-nio-auto-1"]
2021-03-26 14:25:45.396 [main] INFO  org.apache.catalina.core.StandardService:173 - Starting service [Tomcat]
2021-03-26 14:25:45.397 [main] INFO  org.apache.catalina.core.StandardEngine:173 - Starting Servlet engine: [Apache Tomcat/9.0.39]
2021-03-26 14:25:45.541 [main] INFO  o.a.c.c.C.[Tomcat].[localhost].[/trustchain]:173 - Initializing Spring embedded WebApplicationContext
2021-03-26 14:25:45.541 [main] INFO  o.s.b.w.s.c.ServletWebServerApplicationContext:285 - Root WebApplicationContext: initialization completed in 4331 ms
2021-03-26 14:25:46.960 [main] INFO  com.alibaba.druid.pool.DruidDataSource:994 - {dataSource-1,master} inited
2021-03-26 14:25:46.962 [main] INFO  c.b.dynamic.datasource.DynamicRoutingDataSource:132 - dynamic-datasource - load a datasource named [master] success
2021-03-26 14:25:46.962 [main] INFO  c.b.dynamic.datasource.DynamicRoutingDataSource:237 - dynamic-datasource initial loaded [1] datasource,primary datasource named [master]
2021-03-26 14:25:48.637 [main] INFO  org.jeecg.common.modules.redis.config.RedisConfig:76 -  --- redis config init --- 
2021-03-26 14:25:49.818 [main] INFO  org.quartz.impl.StdSchedulerFactory:1220 - Using default implementation for ThreadExecutor
2021-03-26 14:25:49.822 [main] INFO  org.quartz.simpl.SimpleThreadPool:268 - Job execution threads will use class loader of thread: main
2021-03-26 14:25:49.838 [main] INFO  org.quartz.core.SchedulerSignalerImpl:61 - Initialized Scheduler Signaller of type: class org.quartz.core.SchedulerSignalerImpl
2021-03-26 14:25:49.839 [main] INFO  org.quartz.core.QuartzScheduler:229 - Quartz Scheduler v.2.3.2 created.
2021-03-26 14:25:49.844 [main] INFO  o.s.scheduling.quartz.LocalDataSourceJobStore:672 - Using db table-based data access locking (synchronization).
2021-03-26 14:25:49.847 [main] INFO  o.s.scheduling.quartz.LocalDataSourceJobStore:145 - JobStoreCMT initialized.
2021-03-26 14:25:49.848 [main] INFO  org.quartz.core.QuartzScheduler:294 - Scheduler meta-data: Quartz Scheduler (v2.3.2) 'MyScheduler' with instanceId 'localhost1616739949820'
  Scheduler class: 'org.quartz.core.QuartzScheduler' - running locally.
  NOT STARTED.
  Currently in standby mode.
  Number of jobs executed: 0
  Using thread pool 'org.quartz.simpl.SimpleThreadPool' - with 10 threads.
  Using job-store 'org.springframework.scheduling.quartz.LocalDataSourceJobStore' - which supports persistence. and is clustered.

2021-03-26 14:25:49.849 [main] INFO  org.quartz.impl.StdSchedulerFactory:1374 - Quartz scheduler 'MyScheduler' initialized from an externally provided properties instance.
2021-03-26 14:25:49.849 [main] INFO  org.quartz.impl.StdSchedulerFactory:1378 - Quartz scheduler version: 2.3.2
2021-03-26 14:25:49.850 [main] INFO  org.quartz.core.QuartzScheduler:2293 - JobFactory set to: org.springframework.scheduling.quartz.SpringBeanJobFactory@3fd21272
2021-03-26 14:25:50.970 [main] INFO  o.j.m.jmreport.config.JimuReportConfiguration:45 -  --- Init JimuReport Config --- 
2021-03-26 14:25:52.616 [main] INFO  o.s.b.actuate.endpoint.web.EndpointLinksResolver:58 - Exposing 2 endpoint(s) beneath base path '/actuator'
2021-03-26 14:25:52.797 [main] INFO  org.jeecg.config.init.CodeGenerateDbConfig:34 -  代码生成器数据库连接，使用application.yml的DB配置 ###################
2021-03-26 14:25:52.846 [main] INFO  s.d.s.w.PropertySourcedRequestMappingHandlerMapping:69 - Mapped URL path [/v2/api-docs] onto method [springfox.documentation.swagger2.web.Swagger2Controller#getDocumentation(String, HttpServletRequest)]
2021-03-26 14:25:53.303 [main] INFO  o.s.scheduling.concurrent.ThreadPoolTaskExecutor:181 - Initializing ExecutorService 'applicationTaskExecutor'
2021-03-26 14:25:54.290 [main] INFO  org.apache.coyote.http11.Http11NioProtocol:173 - Starting ProtocolHandler ["http-nio-auto-1"]
2021-03-26 14:25:54.334 [main] INFO  o.s.boot.web.embedded.tomcat.TomcatWebServer:220 - Tomcat started on port(s): 55903 (http) with context path '/trustchain'
2021-03-26 14:25:54.335 [main] INFO  s.d.s.web.plugins.DocumentationPluginsBootstrapper:160 - Context refreshed
2021-03-26 14:25:54.355 [main] INFO  s.d.s.web.plugins.DocumentationPluginsBootstrapper:163 - Found 1 custom documentation plugin(s)
2021-03-26 14:25:54.439 [main] INFO  s.d.spring.web.scanners.ApiListingReferenceScanner:41 - Scanning for api listing references
2021-03-26 14:25:54.664 [main] INFO  s.d.s.w.r.operation.CachingOperationNameGenerator:40 - Generating unique operation named: addUsingPOST_1
2021-03-26 14:25:54.667 [main] INFO  s.d.s.w.r.operation.CachingOperationNameGenerator:40 - Generating unique operation named: deleteUsingDELETE_1
2021-03-26 14:25:54.669 [main] INFO  s.d.s.w.r.operation.CachingOperationNameGenerator:40 - Generating unique operation named: deleteBatchUsingDELETE_1
2021-03-26 14:25:54.671 [main] INFO  s.d.s.w.r.operation.CachingOperationNameGenerator:40 - Generating unique operation named: editUsingPUT_1
2021-03-26 14:25:54.674 [main] INFO  s.d.s.w.r.operation.CachingOperationNameGenerator:40 - Generating unique operation named: queryByIdUsingGET_1
2021-03-26 14:25:54.680 [main] INFO  s.d.s.w.r.operation.CachingOperationNameGenerator:40 - Generating unique operation named: queryPageListUsingGET_1
2021-03-26 14:25:54.727 [main] INFO  s.d.s.w.r.operation.CachingOperationNameGenerator:40 - Generating unique operation named: addUsingPOST_2
2021-03-26 14:25:54.730 [main] INFO  s.d.s.w.r.operation.CachingOperationNameGenerator:40 - Generating unique operation named: deleteUsingDELETE_2
2021-03-26 14:25:54.733 [main] INFO  s.d.s.w.r.operation.CachingOperationNameGenerator:40 - Generating unique operation named: deleteBatchUsingDELETE_2
2021-03-26 14:25:54.734 [main] INFO  s.d.s.w.r.operation.CachingOperationNameGenerator:40 - Generating unique operation named: editUsingPUT_2
2021-03-26 14:25:54.736 [main] INFO  s.d.s.w.r.operation.CachingOperationNameGenerator:40 - Generating unique operation named: queryByIdUsingGET_2
2021-03-26 14:25:54.740 [main] INFO  s.d.s.w.r.operation.CachingOperationNameGenerator:40 - Generating unique operation named: queryPageListUsingGET_2
2021-03-26 14:25:54.749 [main] INFO  s.d.s.w.r.operation.CachingOperationNameGenerator:40 - Generating unique operation named: addUsingPOST_3
2021-03-26 14:25:54.750 [main] INFO  s.d.s.w.r.operation.CachingOperationNameGenerator:40 - Generating unique operation named: deleteUsingDELETE_3
2021-03-26 14:25:54.752 [main] INFO  s.d.s.w.r.operation.CachingOperationNameGenerator:40 - Generating unique operation named: deleteBatchUsingDELETE_3
2021-03-26 14:25:54.753 [main] INFO  s.d.s.w.r.operation.CachingOperationNameGenerator:40 - Generating unique operation named: editUsingPUT_3
2021-03-26 14:25:54.755 [main] INFO  s.d.s.w.r.operation.CachingOperationNameGenerator:40 - Generating unique operation named: queryByIdUsingGET_3
2021-03-26 14:25:54.759 [main] INFO  s.d.s.w.r.operation.CachingOperationNameGenerator:40 - Generating unique operation named: queryPageListUsingGET_3
2021-03-26 14:25:54.765 [main] INFO  s.d.s.w.r.operation.CachingOperationNameGenerator:40 - Generating unique operation named: addUsingPOST_4
2021-03-26 14:25:54.767 [main] INFO  s.d.s.w.r.operation.CachingOperationNameGenerator:40 - Generating unique operation named: deleteUsingDELETE_4
2021-03-26 14:25:54.768 [main] INFO  s.d.s.w.r.operation.CachingOperationNameGenerator:40 - Generating unique operation named: deleteBatchUsingDELETE_4
2021-03-26 14:25:54.770 [main] INFO  s.d.s.w.r.operation.CachingOperationNameGenerator:40 - Generating unique operation named: editUsingPUT_4
2021-03-26 14:25:54.772 [main] INFO  s.d.s.w.r.operation.CachingOperationNameGenerator:40 - Generating unique operation named: queryByIdUsingGET_4
2021-03-26 14:25:54.775 [main] INFO  s.d.s.w.r.operation.CachingOperationNameGenerator:40 - Generating unique operation named: queryPageListUsingGET_4
2021-03-26 14:25:54.781 [main] INFO  s.d.s.w.r.operation.CachingOperationNameGenerator:40 - Generating unique operation named: addUsingPOST_5
2021-03-26 14:25:54.783 [main] INFO  s.d.s.w.r.operation.CachingOperationNameGenerator:40 - Generating unique operation named: deleteUsingDELETE_5
2021-03-26 14:25:54.785 [main] INFO  s.d.s.w.r.operation.CachingOperationNameGenerator:40 - Generating unique operation named: deleteBatchUsingDELETE_5
2021-03-26 14:25:54.786 [main] INFO  s.d.s.w.r.operation.CachingOperationNameGenerator:40 - Generating unique operation named: editUsingPUT_5
2021-03-26 14:25:54.789 [main] INFO  s.d.s.w.r.operation.CachingOperationNameGenerator:40 - Generating unique operation named: queryByIdUsingGET_5
2021-03-26 14:25:54.793 [main] INFO  s.d.s.w.r.operation.CachingOperationNameGenerator:40 - Generating unique operation named: queryPageListUsingGET_5
2021-03-26 14:25:54.805 [main] INFO  s.d.s.w.r.operation.CachingOperationNameGenerator:40 - Generating unique operation named: addUsingPOST_6
2021-03-26 14:25:54.806 [main] INFO  s.d.s.w.r.operation.CachingOperationNameGenerator:40 - Generating unique operation named: deleteUsingDELETE_6
2021-03-26 14:25:54.808 [main] INFO  s.d.s.w.r.operation.CachingOperationNameGenerator:40 - Generating unique operation named: deleteBatchUsingDELETE_6
2021-03-26 14:25:54.809 [main] INFO  s.d.s.w.r.operation.CachingOperationNameGenerator:40 - Generating unique operation named: editUsingPUT_6
2021-03-26 14:25:54.810 [main] INFO  s.d.s.w.r.operation.CachingOperationNameGenerator:40 - Generating unique operation named: queryByIdUsingGET_6
2021-03-26 14:25:54.813 [main] INFO  s.d.s.w.r.operation.CachingOperationNameGenerator:40 - Generating unique operation named: queryPageListUsingGET_6
2021-03-26 14:25:54.823 [main] INFO  s.d.s.w.r.operation.CachingOperationNameGenerator:40 - Generating unique operation named: addUsingPOST_7
2021-03-26 14:25:54.825 [main] INFO  s.d.s.w.r.operation.CachingOperationNameGenerator:40 - Generating unique operation named: deleteUsingDELETE_7
2021-03-26 14:25:54.826 [main] INFO  s.d.s.w.r.operation.CachingOperationNameGenerator:40 - Generating unique operation named: deleteBatchUsingDELETE_7
2021-03-26 14:25:54.827 [main] INFO  s.d.s.w.r.operation.CachingOperationNameGenerator:40 - Generating unique operation named: editUsingPUT_7
2021-03-26 14:25:54.829 [main] INFO  s.d.s.w.r.operation.CachingOperationNameGenerator:40 - Generating unique operation named: queryByIdUsingGET_7
2021-03-26 14:25:54.837 [main] INFO  s.d.s.w.r.operation.CachingOperationNameGenerator:40 - Generating unique operation named: queryPageListUsingGET_7
2021-03-26 14:25:55.112 [main] INFO  o.s.scheduling.quartz.SchedulerFactoryBean:727 - Starting Quartz Scheduler now
2021-03-26 14:25:55.529 [main] INFO  org.quartz.core.QuartzScheduler:547 - Scheduler MyScheduler_$_localhost1616739949820 started.
2021-03-26 14:25:55.547 [main] INFO  org.jeecg.modules.trustchain.UserInfoTest:61 - Started UserInfoTest in 14.821 seconds (JVM running for 15.629)
2021-03-26 14:25:55.770 [SpringContextShutdownHook] INFO  org.quartz.core.QuartzScheduler:585 - Scheduler MyScheduler_$_localhost1616739949820 paused.
2021-03-26 14:25:56.963 [SpringContextShutdownHook] INFO  o.s.scheduling.concurrent.ThreadPoolTaskExecutor:218 - Shutting down ExecutorService 'applicationTaskExecutor'
2021-03-26 14:25:56.967 [SpringContextShutdownHook] INFO  o.s.scheduling.quartz.SchedulerFactoryBean:845 - Shutting down Quartz Scheduler
2021-03-26 14:25:56.967 [SpringContextShutdownHook] INFO  org.quartz.core.QuartzScheduler:666 - Scheduler MyScheduler_$_localhost1616739949820 shutting down.
2021-03-26 14:25:56.967 [SpringContextShutdownHook] INFO  org.quartz.core.QuartzScheduler:585 - Scheduler MyScheduler_$_localhost1616739949820 paused.
2021-03-26 14:25:56.968 [SpringContextShutdownHook] INFO  org.quartz.core.QuartzScheduler:740 - Scheduler MyScheduler_$_localhost1616739949820 shutdown complete.
2021-03-26 14:25:56.974 [SpringContextShutdownHook] INFO  c.b.dynamic.datasource.DynamicRoutingDataSource:217 - dynamic-datasource start closing ....
2021-03-26 14:25:56.976 [SpringContextShutdownHook] INFO  com.alibaba.druid.pool.DruidDataSource:2029 - {dataSource-1} closing ...
2021-03-26 14:25:56.984 [SpringContextShutdownHook] INFO  com.alibaba.druid.pool.DruidDataSource:2101 - {dataSource-1} closed
2021-03-26 14:25:56.985 [SpringContextShutdownHook] INFO  c.b.dynamic.datasource.DynamicRoutingDataSource:221 - dynamic-datasource all closed success,bye
2021-03-26 14:26:06.463 [background-preinit] INFO  org.hibernate.validator.internal.util.Version:21 - HV000001: Hibernate Validator 6.1.6.Final
2021-03-26 14:26:06.535 [main] INFO  org.jeecg.modules.trustchain.UserInfoTest:55 - Starting UserInfoTest on localhost with PID 41800 (started by rade in /Users/rade/Documents/Java/trustchain/trustchain/trustchain-module-system)
2021-03-26 14:26:06.536 [main] INFO  org.jeecg.modules.trustchain.UserInfoTest:655 - The following profiles are active: dev
2021-03-26 14:26:07.255 [background-preinit] WARN  o.s.h.converter.json.Jackson2ObjectMapperBuilder:127 - For Jackson Kotlin classes support please add "com.fasterxml.jackson.module:jackson-module-kotlin" to the classpath
2021-03-26 14:26:08.275 [main] INFO  o.s.d.r.config.RepositoryConfigurationDelegate:249 - Multiple Spring Data modules found, entering strict repository configuration mode!
2021-03-26 14:26:08.277 [main] INFO  o.s.d.r.config.RepositoryConfigurationDelegate:127 - Bootstrapping Spring Data Redis repositories in DEFAULT mode.
2021-03-26 14:26:08.378 [main] INFO  o.s.d.r.config.RepositoryConfigurationDelegate:187 - Finished Spring Data repository scanning in 89ms. Found 0 Redis repository interfaces.
2021-03-26 14:26:09.019 [main] INFO  o.s.c.s.PostProcessorRegistrationDelegate$BeanPostProcessorChecker:335 - Bean 'spring.redis-org.springframework.boot.autoconfigure.data.redis.RedisProperties' of type [org.springframework.boot.autoconfigure.data.redis.RedisProperties] is not eligible for getting processed by all BeanPostProcessors (for example: not eligible for auto-proxying)
2021-03-26 14:26:09.027 [main] INFO  o.s.c.s.PostProcessorRegistrationDelegate$BeanPostProcessorChecker:335 - Bean 'org.springframework.boot.autoconfigure.data.redis.LettuceConnectionConfiguration' of type [org.springframework.boot.autoconfigure.data.redis.LettuceConnectionConfiguration] is not eligible for getting processed by all BeanPostProcessors (for example: not eligible for auto-proxying)
2021-03-26 14:26:09.204 [main] INFO  o.s.c.s.PostProcessorRegistrationDelegate$BeanPostProcessorChecker:335 - Bean 'lettuceClientResources' of type [io.lettuce.core.resource.DefaultClientResources] is not eligible for getting processed by all BeanPostProcessors (for example: not eligible for auto-proxying)
2021-03-26 14:26:09.323 [main] INFO  o.s.c.s.PostProcessorRegistrationDelegate$BeanPostProcessorChecker:335 - Bean 'redisConnectionFactory' of type [org.springframework.data.redis.connection.lettuce.LettuceConnectionFactory] is not eligible for getting processed by all BeanPostProcessors (for example: not eligible for auto-proxying)
2021-03-26 14:26:09.326 [main] INFO  o.s.c.s.PostProcessorRegistrationDelegate$BeanPostProcessorChecker:335 - Bean 'shiroConfig' of type [org.jeecg.config.shiro.ShiroConfig$$EnhancerBySpringCGLIB$$4e097ec8] is not eligible for getting processed by all BeanPostProcessors (for example: not eligible for auto-proxying)
2021-03-26 14:26:09.406 [main] INFO  o.s.c.s.PostProcessorRegistrationDelegate$BeanPostProcessorChecker:335 - Bean 'shiroRealm' of type [org.jeecg.config.shiro.ShiroRealm] is not eligible for getting processed by all BeanPostProcessors (for example: not eligible for auto-proxying)
2021-03-26 14:26:09.532 [main] INFO  org.jeecg.config.shiro.ShiroConfig:210 - ===============(1)创建缓存管理器RedisCacheManager
2021-03-26 14:26:09.535 [main] INFO  org.jeecg.config.shiro.ShiroConfig:228 - ===============(2)创建RedisManager,连接Redis..
2021-03-26 14:26:09.544 [main] INFO  o.s.c.s.PostProcessorRegistrationDelegate$BeanPostProcessorChecker:335 - Bean 'redisManager' of type [org.crazycake.shiro.RedisManager] is not eligible for getting processed by all BeanPostProcessors (for example: not eligible for auto-proxying)
2021-03-26 14:26:09.561 [main] INFO  o.s.c.s.PostProcessorRegistrationDelegate$BeanPostProcessorChecker:335 - Bean 'securityManager' of type [org.apache.shiro.web.mgt.DefaultWebSecurityManager] is not eligible for getting processed by all BeanPostProcessors (for example: not eligible for auto-proxying)
2021-03-26 14:26:09.621 [main] INFO  o.s.c.s.PostProcessorRegistrationDelegate$BeanPostProcessorChecker:335 - Bean 'authorizationAttributeSourceAdvisor' of type [org.apache.shiro.spring.security.interceptor.AuthorizationAttributeSourceAdvisor] is not eligible for getting processed by all BeanPostProcessors (for example: not eligible for auto-proxying)
2021-03-26 14:26:09.938 [main] INFO  o.s.c.s.PostProcessorRegistrationDelegate$BeanPostProcessorChecker:335 - Bean 'spring.datasource.dynamic-com.baomidou.dynamic.datasource.spring.boot.autoconfigure.DynamicDataSourceProperties' of type [com.baomidou.dynamic.datasource.spring.boot.autoconfigure.DynamicDataSourceProperties] is not eligible for getting processed by all BeanPostProcessors (for example: not eligible for auto-proxying)
2021-03-26 14:26:09.949 [main] INFO  o.s.c.s.PostProcessorRegistrationDelegate$BeanPostProcessorChecker:335 - Bean 'com.baomidou.dynamic.datasource.spring.boot.autoconfigure.DynamicDataSourceAutoConfiguration' of type [com.baomidou.dynamic.datasource.spring.boot.autoconfigure.DynamicDataSourceAutoConfiguration$$EnhancerBySpringCGLIB$$585ba7a0] is not eligible for getting processed by all BeanPostProcessors (for example: not eligible for auto-proxying)
2021-03-26 14:26:09.962 [main] INFO  o.s.c.s.PostProcessorRegistrationDelegate$BeanPostProcessorChecker:335 - Bean 'dsProcessor' of type [com.baomidou.dynamic.datasource.processor.DsHeaderProcessor] is not eligible for getting processed by all BeanPostProcessors (for example: not eligible for auto-proxying)
2021-03-26 14:26:09.994 [main] INFO  o.s.c.s.PostProcessorRegistrationDelegate$BeanPostProcessorChecker:335 - Bean 'redisConfig' of type [org.jeecg.common.modules.redis.config.RedisConfig$$EnhancerBySpringCGLIB$$6b6b8ef8] is not eligible for getting processed by all BeanPostProcessors (for example: not eligible for auto-proxying)
2021-03-26 14:26:10.119 [main] INFO  o.s.c.s.PostProcessorRegistrationDelegate$BeanPostProcessorChecker:335 - Bean 'org.apache.shiro.spring.boot.autoconfigure.ShiroBeanAutoConfiguration' of type [org.apache.shiro.spring.boot.autoconfigure.ShiroBeanAutoConfiguration$$EnhancerBySpringCGLIB$$1e6147f] is not eligible for getting processed by all BeanPostProcessors (for example: not eligible for auto-proxying)
2021-03-26 14:26:10.131 [main] INFO  o.s.c.s.PostProcessorRegistrationDelegate$BeanPostProcessorChecker:335 - Bean 'eventBus' of type [org.apache.shiro.event.support.DefaultEventBus] is not eligible for getting processed by all BeanPostProcessors (for example: not eligible for auto-proxying)
2021-03-26 14:26:10.755 [main] INFO  o.s.boot.web.embedded.tomcat.TomcatWebServer:108 - Tomcat initialized with port(s): 0 (http)
2021-03-26 14:26:10.776 [main] INFO  org.apache.coyote.http11.Http11NioProtocol:173 - Initializing ProtocolHandler ["http-nio-auto-1"]
2021-03-26 14:26:10.778 [main] INFO  org.apache.catalina.core.StandardService:173 - Starting service [Tomcat]
2021-03-26 14:26:10.778 [main] INFO  org.apache.catalina.core.StandardEngine:173 - Starting Servlet engine: [Apache Tomcat/9.0.39]
2021-03-26 14:26:10.953 [main] INFO  o.a.c.c.C.[Tomcat].[localhost].[/trustchain]:173 - Initializing Spring embedded WebApplicationContext
2021-03-26 14:26:10.954 [main] INFO  o.s.b.w.s.c.ServletWebServerApplicationContext:285 - Root WebApplicationContext: initialization completed in 4381 ms
2021-03-26 14:26:12.470 [main] INFO  com.alibaba.druid.pool.DruidDataSource:994 - {dataSource-1,master} inited
2021-03-26 14:26:12.472 [main] INFO  c.b.dynamic.datasource.DynamicRoutingDataSource:132 - dynamic-datasource - load a datasource named [master] success
2021-03-26 14:26:12.472 [main] INFO  c.b.dynamic.datasource.DynamicRoutingDataSource:237 - dynamic-datasource initial loaded [1] datasource,primary datasource named [master]
2021-03-26 14:26:14.046 [main] INFO  org.jeecg.common.modules.redis.config.RedisConfig:76 -  --- redis config init --- 
2021-03-26 14:26:15.238 [main] INFO  org.quartz.impl.StdSchedulerFactory:1220 - Using default implementation for ThreadExecutor
2021-03-26 14:26:15.242 [main] INFO  org.quartz.simpl.SimpleThreadPool:268 - Job execution threads will use class loader of thread: main
2021-03-26 14:26:15.261 [main] INFO  org.quartz.core.SchedulerSignalerImpl:61 - Initialized Scheduler Signaller of type: class org.quartz.core.SchedulerSignalerImpl
2021-03-26 14:26:15.262 [main] INFO  org.quartz.core.QuartzScheduler:229 - Quartz Scheduler v.2.3.2 created.
2021-03-26 14:26:15.269 [main] INFO  o.s.scheduling.quartz.LocalDataSourceJobStore:672 - Using db table-based data access locking (synchronization).
2021-03-26 14:26:15.272 [main] INFO  o.s.scheduling.quartz.LocalDataSourceJobStore:145 - JobStoreCMT initialized.
2021-03-26 14:26:15.274 [main] INFO  org.quartz.core.QuartzScheduler:294 - Scheduler meta-data: Quartz Scheduler (v2.3.2) 'MyScheduler' with instanceId 'localhost1616739975241'
  Scheduler class: 'org.quartz.core.QuartzScheduler' - running locally.
  NOT STARTED.
  Currently in standby mode.
  Number of jobs executed: 0
  Using thread pool 'org.quartz.simpl.SimpleThreadPool' - with 10 threads.
  Using job-store 'org.springframework.scheduling.quartz.LocalDataSourceJobStore' - which supports persistence. and is clustered.

2021-03-26 14:26:15.275 [main] INFO  org.quartz.impl.StdSchedulerFactory:1374 - Quartz scheduler 'MyScheduler' initialized from an externally provided properties instance.
2021-03-26 14:26:15.275 [main] INFO  org.quartz.impl.StdSchedulerFactory:1378 - Quartz scheduler version: 2.3.2
2021-03-26 14:26:15.276 [main] INFO  org.quartz.core.QuartzScheduler:2293 - JobFactory set to: org.springframework.scheduling.quartz.SpringBeanJobFactory@42257df7
2021-03-26 14:26:16.712 [main] INFO  o.j.m.jmreport.config.JimuReportConfiguration:45 -  --- Init JimuReport Config --- 
2021-03-26 14:26:18.425 [main] INFO  o.s.b.actuate.endpoint.web.EndpointLinksResolver:58 - Exposing 2 endpoint(s) beneath base path '/actuator'
2021-03-26 14:26:18.637 [main] INFO  org.jeecg.config.init.CodeGenerateDbConfig:34 -  代码生成器数据库连接，使用application.yml的DB配置 ###################
2021-03-26 14:26:18.697 [main] INFO  s.d.s.w.PropertySourcedRequestMappingHandlerMapping:69 - Mapped URL path [/v2/api-docs] onto method [springfox.documentation.swagger2.web.Swagger2Controller#getDocumentation(String, HttpServletRequest)]
2021-03-26 14:26:19.078 [main] INFO  o.s.scheduling.concurrent.ThreadPoolTaskExecutor:181 - Initializing ExecutorService 'applicationTaskExecutor'
2021-03-26 14:26:20.075 [main] INFO  org.apache.coyote.http11.Http11NioProtocol:173 - Starting ProtocolHandler ["http-nio-auto-1"]
2021-03-26 14:26:20.114 [main] INFO  o.s.boot.web.embedded.tomcat.TomcatWebServer:220 - Tomcat started on port(s): 55918 (http) with context path '/trustchain'
2021-03-26 14:26:20.115 [main] INFO  s.d.s.web.plugins.DocumentationPluginsBootstrapper:160 - Context refreshed
2021-03-26 14:26:20.133 [main] INFO  s.d.s.web.plugins.DocumentationPluginsBootstrapper:163 - Found 1 custom documentation plugin(s)
2021-03-26 14:26:20.201 [main] INFO  s.d.spring.web.scanners.ApiListingReferenceScanner:41 - Scanning for api listing references
2021-03-26 14:26:20.398 [main] INFO  s.d.s.w.r.operation.CachingOperationNameGenerator:40 - Generating unique operation named: addUsingPOST_1
2021-03-26 14:26:20.400 [main] INFO  s.d.s.w.r.operation.CachingOperationNameGenerator:40 - Generating unique operation named: deleteUsingDELETE_1
2021-03-26 14:26:20.402 [main] INFO  s.d.s.w.r.operation.CachingOperationNameGenerator:40 - Generating unique operation named: deleteBatchUsingDELETE_1
2021-03-26 14:26:20.404 [main] INFO  s.d.s.w.r.operation.CachingOperationNameGenerator:40 - Generating unique operation named: editUsingPUT_1
2021-03-26 14:26:20.405 [main] INFO  s.d.s.w.r.operation.CachingOperationNameGenerator:40 - Generating unique operation named: queryByIdUsingGET_1
2021-03-26 14:26:20.410 [main] INFO  s.d.s.w.r.operation.CachingOperationNameGenerator:40 - Generating unique operation named: queryPageListUsingGET_1
2021-03-26 14:26:20.445 [main] INFO  s.d.s.w.r.operation.CachingOperationNameGenerator:40 - Generating unique operation named: addUsingPOST_2
2021-03-26 14:26:20.447 [main] INFO  s.d.s.w.r.operation.CachingOperationNameGenerator:40 - Generating unique operation named: deleteUsingDELETE_2
2021-03-26 14:26:20.449 [main] INFO  s.d.s.w.r.operation.CachingOperationNameGenerator:40 - Generating unique operation named: deleteBatchUsingDELETE_2
2021-03-26 14:26:20.451 [main] INFO  s.d.s.w.r.operation.CachingOperationNameGenerator:40 - Generating unique operation named: editUsingPUT_2
2021-03-26 14:26:20.453 [main] INFO  s.d.s.w.r.operation.CachingOperationNameGenerator:40 - Generating unique operation named: queryByIdUsingGET_2
2021-03-26 14:26:20.457 [main] INFO  s.d.s.w.r.operation.CachingOperationNameGenerator:40 - Generating unique operation named: queryPageListUsingGET_2
2021-03-26 14:26:20.464 [main] INFO  s.d.s.w.r.operation.CachingOperationNameGenerator:40 - Generating unique operation named: addUsingPOST_3
2021-03-26 14:26:20.466 [main] INFO  s.d.s.w.r.operation.CachingOperationNameGenerator:40 - Generating unique operation named: deleteUsingDELETE_3
2021-03-26 14:26:20.467 [main] INFO  s.d.s.w.r.operation.CachingOperationNameGenerator:40 - Generating unique operation named: deleteBatchUsingDELETE_3
2021-03-26 14:26:20.469 [main] INFO  s.d.s.w.r.operation.CachingOperationNameGenerator:40 - Generating unique operation named: editUsingPUT_3
2021-03-26 14:26:20.470 [main] INFO  s.d.s.w.r.operation.CachingOperationNameGenerator:40 - Generating unique operation named: queryByIdUsingGET_3
2021-03-26 14:26:20.474 [main] INFO  s.d.s.w.r.operation.CachingOperationNameGenerator:40 - Generating unique operation named: queryPageListUsingGET_3
2021-03-26 14:26:20.479 [main] INFO  s.d.s.w.r.operation.CachingOperationNameGenerator:40 - Generating unique operation named: addUsingPOST_4
2021-03-26 14:26:20.481 [main] INFO  s.d.s.w.r.operation.CachingOperationNameGenerator:40 - Generating unique operation named: deleteUsingDELETE_4
2021-03-26 14:26:20.482 [main] INFO  s.d.s.w.r.operation.CachingOperationNameGenerator:40 - Generating unique operation named: deleteBatchUsingDELETE_4
2021-03-26 14:26:20.483 [main] INFO  s.d.s.w.r.operation.CachingOperationNameGenerator:40 - Generating unique operation named: editUsingPUT_4
2021-03-26 14:26:20.485 [main] INFO  s.d.s.w.r.operation.CachingOperationNameGenerator:40 - Generating unique operation named: queryByIdUsingGET_4
2021-03-26 14:26:20.488 [main] INFO  s.d.s.w.r.operation.CachingOperationNameGenerator:40 - Generating unique operation named: queryPageListUsingGET_4
2021-03-26 14:26:20.493 [main] INFO  s.d.s.w.r.operation.CachingOperationNameGenerator:40 - Generating unique operation named: addUsingPOST_5
2021-03-26 14:26:20.495 [main] INFO  s.d.s.w.r.operation.CachingOperationNameGenerator:40 - Generating unique operation named: deleteUsingDELETE_5
2021-03-26 14:26:20.496 [main] INFO  s.d.s.w.r.operation.CachingOperationNameGenerator:40 - Generating unique operation named: deleteBatchUsingDELETE_5
2021-03-26 14:26:20.497 [main] INFO  s.d.s.w.r.operation.CachingOperationNameGenerator:40 - Generating unique operation named: editUsingPUT_5
2021-03-26 14:26:20.499 [main] INFO  s.d.s.w.r.operation.CachingOperationNameGenerator:40 - Generating unique operation named: queryByIdUsingGET_5
2021-03-26 14:26:20.503 [main] INFO  s.d.s.w.r.operation.CachingOperationNameGenerator:40 - Generating unique operation named: queryPageListUsingGET_5
2021-03-26 14:26:20.511 [main] INFO  s.d.s.w.r.operation.CachingOperationNameGenerator:40 - Generating unique operation named: addUsingPOST_6
2021-03-26 14:26:20.512 [main] INFO  s.d.s.w.r.operation.CachingOperationNameGenerator:40 - Generating unique operation named: deleteUsingDELETE_6
2021-03-26 14:26:20.514 [main] INFO  s.d.s.w.r.operation.CachingOperationNameGenerator:40 - Generating unique operation named: deleteBatchUsingDELETE_6
2021-03-26 14:26:20.515 [main] INFO  s.d.s.w.r.operation.CachingOperationNameGenerator:40 - Generating unique operation named: editUsingPUT_6
2021-03-26 14:26:20.516 [main] INFO  s.d.s.w.r.operation.CachingOperationNameGenerator:40 - Generating unique operation named: queryByIdUsingGET_6
2021-03-26 14:26:20.519 [main] INFO  s.d.s.w.r.operation.CachingOperationNameGenerator:40 - Generating unique operation named: queryPageListUsingGET_6
2021-03-26 14:26:20.528 [main] INFO  s.d.s.w.r.operation.CachingOperationNameGenerator:40 - Generating unique operation named: addUsingPOST_7
2021-03-26 14:26:20.529 [main] INFO  s.d.s.w.r.operation.CachingOperationNameGenerator:40 - Generating unique operation named: deleteUsingDELETE_7
2021-03-26 14:26:20.530 [main] INFO  s.d.s.w.r.operation.CachingOperationNameGenerator:40 - Generating unique operation named: deleteBatchUsingDELETE_7
2021-03-26 14:26:20.531 [main] INFO  s.d.s.w.r.operation.CachingOperationNameGenerator:40 - Generating unique operation named: editUsingPUT_7
2021-03-26 14:26:20.533 [main] INFO  s.d.s.w.r.operation.CachingOperationNameGenerator:40 - Generating unique operation named: queryByIdUsingGET_7
2021-03-26 14:26:20.540 [main] INFO  s.d.s.w.r.operation.CachingOperationNameGenerator:40 - Generating unique operation named: queryPageListUsingGET_7
2021-03-26 14:26:20.814 [main] INFO  o.s.scheduling.quartz.SchedulerFactoryBean:727 - Starting Quartz Scheduler now
2021-03-26 14:26:21.225 [main] INFO  o.s.scheduling.quartz.LocalDataSourceJobStore:3644 - ClusterManager: detected 1 failed or restarted instances.
2021-03-26 14:26:21.226 [main] INFO  o.s.scheduling.quartz.LocalDataSourceJobStore:3503 - ClusterManager: Scanning for instance "localhost1616739949820"'s failed in-progress jobs.
2021-03-26 14:26:21.237 [main] INFO  org.quartz.core.QuartzScheduler:547 - Scheduler MyScheduler_$_localhost1616739975241 started.
2021-03-26 14:26:21.253 [main] INFO  org.jeecg.modules.trustchain.UserInfoTest:61 - Started UserInfoTest in 15.376 seconds (JVM running for 16.248)
2021-03-26 14:26:21.483 [SpringContextShutdownHook] INFO  org.quartz.core.QuartzScheduler:585 - Scheduler MyScheduler_$_localhost1616739975241 paused.
2021-03-26 14:26:22.682 [SpringContextShutdownHook] INFO  o.s.scheduling.concurrent.ThreadPoolTaskExecutor:218 - Shutting down ExecutorService 'applicationTaskExecutor'
2021-03-26 14:26:22.686 [SpringContextShutdownHook] INFO  o.s.scheduling.quartz.SchedulerFactoryBean:845 - Shutting down Quartz Scheduler
2021-03-26 14:26:22.686 [SpringContextShutdownHook] INFO  org.quartz.core.QuartzScheduler:666 - Scheduler MyScheduler_$_localhost1616739975241 shutting down.
2021-03-26 14:26:22.686 [SpringContextShutdownHook] INFO  org.quartz.core.QuartzScheduler:585 - Scheduler MyScheduler_$_localhost1616739975241 paused.
2021-03-26 14:26:22.687 [SpringContextShutdownHook] INFO  org.quartz.core.QuartzScheduler:740 - Scheduler MyScheduler_$_localhost1616739975241 shutdown complete.
2021-03-26 14:26:22.693 [SpringContextShutdownHook] INFO  c.b.dynamic.datasource.DynamicRoutingDataSource:217 - dynamic-datasource start closing ....
2021-03-26 14:26:22.695 [SpringContextShutdownHook] INFO  com.alibaba.druid.pool.DruidDataSource:2029 - {dataSource-1} closing ...
2021-03-26 14:26:22.704 [SpringContextShutdownHook] INFO  com.alibaba.druid.pool.DruidDataSource:2101 - {dataSource-1} closed
2021-03-26 14:26:22.704 [SpringContextShutdownHook] INFO  c.b.dynamic.datasource.DynamicRoutingDataSource:221 - dynamic-datasource all closed success,bye
